<?xml version="1.0" encoding="UTF-8"?>
<testng-results ignored="0" total="1" passed="1" failed="0" skipped="0">
  <reporter-output>
  </reporter-output>
  <suite started-at="2023-06-28T12:23:39 IST" name="Default suite" finished-at="2023-06-28T12:23:50 IST" duration-ms="11609">
    <groups>
    </groups>
    <test started-at="2023-06-28T12:23:39 IST" name="Default test" finished-at="2023-06-28T12:23:50 IST" duration-ms="11609">
      <class name="testngProject.Methods">
        <test-method signature="method1()[pri:0, instance:testngProject.Methods@323b36e0]" started-at="2023-06-28T12:23:39 IST" name="method1" finished-at="2023-06-28T12:23:50 IST" duration-ms="11508" status="PASS">
          <reporter-output>
          </reporter-output>
        </test-method> <!-- method1 -->
      </class> <!-- testngProject.Methods -->
    </test> <!-- Default test -->
  </suite> <!-- Default suite -->
</testng-results>
