<?xml version="1.0" encoding="UTF-8"?>
<!-- Generated by org.testng.reporters.JUnitXMLReporter -->
<testsuite ignored="0" hostname="DESKTOP-KO4RCQ7" failures="1" tests="6" name="Test" time="0.693" errors="0" timestamp="2023-06-14T09:04:12 IST">
  <testcase classname="testngProject.Apple" name="testLoggerError" time="0.03">
    <failure type="java.lang.AssertionError" message="null">
      <![CDATA[java.lang.AssertionError: null
at testngProject.Apple.testLoggerError(Apple.java:44)
at java.base/java.util.ArrayList.forEach(ArrayList.java:1511)
... Removed 29 stack frames]]>
    </failure>
  </testcase> <!-- testLoggerError -->
  <testcase classname="testngProject.Apple" name="methodOne" time="0.041"/>
  <testcase classname="testngProject.Apple" name="testLoggerDebug" time="0.003"/>
  <testcase classname="testngProject.Apple" name="testLoggerInfo" time="0.003"/>
  <testcase classname="testngProject.Apple" name="testLoggerWarn" time="0.002"/>
  <testcase classname="testngProject.Apple" name="testLoggerFatal" time="0.0">
    <skipped/>
  </testcase> <!-- testLoggerFatal -->
</testsuite> <!-- Test -->
